<?xml version="1.0" encoding="UTF-8"?>
<testng-results ignored="0" total="3" passed="3" failed="0" skipped="0">
  <reporter-output>
  </reporter-output>
  <suite started-at="2021-07-08T00:12:52 IST" name="Default suite" finished-at="2021-07-08T00:12:52 IST" duration-ms="149">
    <groups>
    </groups>
    <test started-at="2021-07-08T00:12:52 IST" name="Default test" finished-at="2021-07-08T00:12:52 IST" duration-ms="149">
      <class name="org.pomPack.CheckTestng">
        <test-method is-config="true" signature="beforclass()[pri:0, instance:org.pomPack.CheckTestng@4fb3ee4e]" started-at="2021-07-08T00:12:52 IST" name="beforclass" finished-at="2021-07-08T00:12:52 IST" duration-ms="26" status="PASS">
          <reporter-output>
          </reporter-output>
        </test-method> <!-- beforclass -->
        <test-method is-config="true" signature="beforemethod()[pri:0, instance:org.pomPack.CheckTestng@4fb3ee4e]" started-at="2021-07-08T00:12:52 IST" name="beforemethod" finished-at="2021-07-08T00:12:52 IST" duration-ms="1" status="PASS">
          <reporter-output>
          </reporter-output>
        </test-method> <!-- beforemethod -->
        <test-method signature="test1()[pri:0, instance:org.pomPack.CheckTestng@4fb3ee4e]" started-at="2021-07-08T00:12:52 IST" name="test1" finished-at="2021-07-08T00:12:52 IST" duration-ms="8" status="PASS">
          <reporter-output>
          </reporter-output>
        </test-method> <!-- test1 -->
        <test-method is-config="true" signature="aftermethod()[pri:0, instance:org.pomPack.CheckTestng@4fb3ee4e]" started-at="2021-07-08T00:12:52 IST" name="aftermethod" finished-at="2021-07-08T00:12:52 IST" duration-ms="2" status="PASS">
          <reporter-output>
          </reporter-output>
        </test-method> <!-- aftermethod -->
        <test-method is-config="true" signature="beforemethod()[pri:0, instance:org.pomPack.CheckTestng@4fb3ee4e]" started-at="2021-07-08T00:12:52 IST" name="beforemethod" finished-at="2021-07-08T00:12:52 IST" duration-ms="1" status="PASS">
          <reporter-output>
          </reporter-output>
        </test-method> <!-- beforemethod -->
        <test-method signature="test2()[pri:0, instance:org.pomPack.CheckTestng@4fb3ee4e]" started-at="2021-07-08T00:12:52 IST" name="test2" finished-at="2021-07-08T00:12:52 IST" duration-ms="13" status="PASS">
          <reporter-output>
          </reporter-output>
        </test-method> <!-- test2 -->
        <test-method is-config="true" signature="aftermethod()[pri:0, instance:org.pomPack.CheckTestng@4fb3ee4e]" started-at="2021-07-08T00:12:52 IST" name="aftermethod" finished-at="2021-07-08T00:12:52 IST" duration-ms="0" status="PASS">
          <reporter-output>
          </reporter-output>
        </test-method> <!-- aftermethod -->
        <test-method is-config="true" signature="beforemethod()[pri:0, instance:org.pomPack.CheckTestng@4fb3ee4e]" started-at="2021-07-08T00:12:52 IST" name="beforemethod" finished-at="2021-07-08T00:12:52 IST" duration-ms="1" status="PASS">
          <reporter-output>
          </reporter-output>
        </test-method> <!-- beforemethod -->
        <test-method signature="test3()[pri:0, instance:org.pomPack.CheckTestng@4fb3ee4e]" started-at="2021-07-08T00:12:52 IST" name="test3" finished-at="2021-07-08T00:12:52 IST" duration-ms="3" status="PASS">
          <reporter-output>
          </reporter-output>
        </test-method> <!-- test3 -->
        <test-method is-config="true" signature="aftermethod()[pri:0, instance:org.pomPack.CheckTestng@4fb3ee4e]" started-at="2021-07-08T00:12:52 IST" name="aftermethod" finished-at="2021-07-08T00:12:52 IST" duration-ms="3" status="PASS">
          <reporter-output>
          </reporter-output>
        </test-method> <!-- aftermethod -->
        <test-method is-config="true" signature="afterclass()[pri:0, instance:org.pomPack.CheckTestng@4fb3ee4e]" started-at="2021-07-08T00:12:52 IST" name="afterclass" finished-at="2021-07-08T00:12:52 IST" duration-ms="2" status="PASS">
          <reporter-output>
          </reporter-output>
        </test-method> <!-- afterclass -->
      </class> <!-- org.pomPack.CheckTestng -->
    </test> <!-- Default test -->
  </suite> <!-- Default suite -->
</testng-results>
