<?xml version="1.0" encoding="UTF-8"?>
<!-- Generated by org.testng.reporters.JUnitXMLReporter -->
<testsuite ignored="0" hostname="DESKTOP-NGG0L7O" failures="0" tests="3" name="Default test" time="0.149" errors="0" timestamp="2021-07-08T00:12:52 IST">
  <testcase classname="org.pomPack.CheckTestng" name="test1" time="0.008"/>
  <testcase classname="org.pomPack.CheckTestng" name="test2" time="0.013"/>
  <testcase classname="org.pomPack.CheckTestng" name="test3" time="0.003"/>
</testsuite> <!-- Default test -->
